0 info it worked if it ends with ok
1 verbose cli [ '/Users/ppluchon/.nvm/versions/node/v5.5.0/bin/node',
1 verbose cli   '/Users/ppluchon/.nvm/versions/node/v5.5.0/bin/npm',
1 verbose cli   'version',
1 verbose cli   '0.0.5' ]
2 info using npm@3.3.12
3 info using node@v5.5.0
4 info git [ 'status', '--porcelain' ]
5 verbose stack Error: Git working directory not clean.
5 verbose stack M generators/app/index.js
5 verbose stack M generators/app/templates/_package.json
5 verbose stack M generators/app/templates/gulpfile.babel.js
5 verbose stack M generators/app/templates/gulpfile.js
5 verbose stack M generators/app/templates/index.html
5 verbose stack M generators/app/templates/webpack.config.js
5 verbose stack M generators/app/templates/webpack.production.config.js
5 verbose stack D npm-debug.log
5 verbose stack     at /Users/ppluchon/.nvm/versions/node/v5.5.0/lib/node_modules/npm/lib/version.js:172:21
5 verbose stack     at ChildProcess.exithandler (child_process.js:204:7)
5 verbose stack     at emitTwo (events.js:100:13)
5 verbose stack     at ChildProcess.emit (events.js:185:7)
5 verbose stack     at maybeClose (internal/child_process.js:821:16)
5 verbose stack     at Socket.<anonymous> (internal/child_process.js:319:11)
5 verbose stack     at emitOne (events.js:90:13)
5 verbose stack     at Socket.emit (events.js:182:7)
5 verbose stack     at Pipe._onclose (net.js:469:12)
6 verbose cwd /Users/ppluchon/Projects/generator-gulp-setup/generator-awesome-gulp-setup
7 error Darwin 15.5.0
8 error argv "/Users/ppluchon/.nvm/versions/node/v5.5.0/bin/node" "/Users/ppluchon/.nvm/versions/node/v5.5.0/bin/npm" "version" "0.0.5"
9 error node v5.5.0
10 error npm  v3.3.12
11 error Git working directory not clean.
11 error M generators/app/index.js
11 error M generators/app/templates/_package.json
11 error M generators/app/templates/gulpfile.babel.js
11 error M generators/app/templates/gulpfile.js
11 error M generators/app/templates/index.html
11 error M generators/app/templates/webpack.config.js
11 error M generators/app/templates/webpack.production.config.js
11 error D npm-debug.log
12 error If you need help, you may report this error at:
12 error     <https://github.com/npm/npm/issues>
13 verbose exit [ 1, true ]
